<?xml version='1.0' encoding='UTF-8'?>
<result plugin="junit@1.2-beta-4">
  <suites>
    <suite>
      <name>test-reports.xml</name>
      <stdout></stdout>
      <stderr></stderr>
      <duration>0.0</duration>
      <cases>
        <case>
          <duration>0.0</duration>
          <className>test-reports.xml</className>
          <testName>&lt;init&gt;</testName>
          <skipped>false</skipped>
          <errorStackTrace>Failed to read test report file /var/lib/jenkins/jobs/Quality Test/workspace/report/test-reports.xml
org.dom4j.DocumentException: Error on line 1 of document file:///var/lib/jenkins/jobs/Quality%20Test/workspace/report/test-reports.xml : Content is not allowed in prolog. Nested exception: Content is not allowed in prolog.
	at org.dom4j.io.SAXReader.read(SAXReader.java:482)
	at org.dom4j.io.SAXReader.read(SAXReader.java:264)
	at hudson.tasks.junit.SuiteResult.parse(SuiteResult.java:123)
	at hudson.tasks.junit.TestResult.parse(TestResult.java:282)
	at hudson.tasks.junit.TestResult.parsePossiblyEmpty(TestResult.java:228)
	at hudson.tasks.junit.TestResult.parse(TestResult.java:163)
	at hudson.tasks.junit.TestResult.parse(TestResult.java:146)
	at hudson.tasks.junit.TestResult.&lt;init&gt;(TestResult.java:122)
	at hudson.tasks.junit.JUnitParser$ParseResultCallable.invoke(JUnitParser.java:119)
	at hudson.tasks.junit.JUnitParser$ParseResultCallable.invoke(JUnitParser.java:92)
	at hudson.FilePath.act(FilePath.java:990)
	at hudson.FilePath.act(FilePath.java:968)
	at hudson.tasks.junit.JUnitParser.parseResult(JUnitParser.java:89)
	at hudson.tasks.junit.JUnitResultArchiver.parse(JUnitResultArchiver.java:121)
	at hudson.tasks.junit.JUnitResultArchiver.perform(JUnitResultArchiver.java:138)
	at hudson.tasks.BuildStepCompatibilityLayer.perform(BuildStepCompatibilityLayer.java:78)
	at hudson.tasks.BuildStepMonitor$1.perform(BuildStepMonitor.java:20)
	at hudson.model.AbstractBuild$AbstractBuildExecution.perform(AbstractBuild.java:782)
	at hudson.model.AbstractBuild$AbstractBuildExecution.performAllBuildSteps(AbstractBuild.java:723)
	at hudson.model.Build$BuildExecution.post2(Build.java:185)
	at hudson.model.AbstractBuild$AbstractBuildExecution.post(AbstractBuild.java:668)
	at hudson.model.Run.execute(Run.java:1763)
	at hudson.model.FreeStyleBuild.run(FreeStyleBuild.java:43)
	at hudson.model.ResourceController.execute(ResourceController.java:98)
	at hudson.model.Executor.run(Executor.java:410)
Caused by: org.xml.sax.SAXParseException; systemId: file:///var/lib/jenkins/jobs/Quality%20Test/workspace/report/test-reports.xml; lineNumber: 1; columnNumber: 1; Content is not allowed in prolog.
	at com.sun.org.apache.xerces.internal.util.ErrorHandlerWrapper.createSAXParseException(ErrorHandlerWrapper.java:203)
	at com.sun.org.apache.xerces.internal.util.ErrorHandlerWrapper.fatalError(ErrorHandlerWrapper.java:177)
	at com.sun.org.apache.xerces.internal.impl.XMLErrorReporter.reportError(XMLErrorReporter.java:400)
	at com.sun.org.apache.xerces.internal.impl.XMLErrorReporter.reportError(XMLErrorReporter.java:327)
	at com.sun.org.apache.xerces.internal.impl.XMLScanner.reportFatalError(XMLScanner.java:1438)
	at com.sun.org.apache.xerces.internal.impl.XMLDocumentScannerImpl$PrologDriver.next(XMLDocumentScannerImpl.java:999)
	at com.sun.org.apache.xerces.internal.impl.XMLDocumentScannerImpl.next(XMLDocumentScannerImpl.java:606)
	at com.sun.org.apache.xerces.internal.impl.XMLNSDocumentScannerImpl.next(XMLNSDocumentScannerImpl.java:118)
	at com.sun.org.apache.xerces.internal.impl.XMLDocumentFragmentScannerImpl.scanDocument(XMLDocumentFragmentScannerImpl.java:510)
	at com.sun.org.apache.xerces.internal.parsers.XML11Configuration.parse(XML11Configuration.java:848)
	at com.sun.org.apache.xerces.internal.parsers.XML11Configuration.parse(XML11Configuration.java:777)
	at com.sun.org.apache.xerces.internal.parsers.XMLParser.parse(XMLParser.java:141)
	at com.sun.org.apache.xerces.internal.parsers.AbstractSAXParser.parse(AbstractSAXParser.java:1213)
	at com.sun.org.apache.xerces.internal.jaxp.SAXParserImpl$JAXPSAXParser.parse(SAXParserImpl.java:643)
	at org.dom4j.io.SAXReader.read(SAXReader.java:465)
	... 24 more
Nested exception: 
org.xml.sax.SAXParseException; systemId: file:///var/lib/jenkins/jobs/Quality%20Test/workspace/report/test-reports.xml; lineNumber: 1; columnNumber: 1; Content is not allowed in prolog.
	at com.sun.org.apache.xerces.internal.util.ErrorHandlerWrapper.createSAXParseException(ErrorHandlerWrapper.java:203)
	at com.sun.org.apache.xerces.internal.util.ErrorHandlerWrapper.fatalError(ErrorHandlerWrapper.java:177)
	at com.sun.org.apache.xerces.internal.impl.XMLErrorReporter.reportError(XMLErrorReporter.java:400)
	at com.sun.org.apache.xerces.internal.impl.XMLErrorReporter.reportError(XMLErrorReporter.java:327)
	at com.sun.org.apache.xerces.internal.impl.XMLScanner.reportFatalError(XMLScanner.java:1438)
	at com.sun.org.apache.xerces.internal.impl.XMLDocumentScannerImpl$PrologDriver.next(XMLDocumentScannerImpl.java:999)
	at com.sun.org.apache.xerces.internal.impl.XMLDocumentScannerImpl.next(XMLDocumentScannerImpl.java:606)
	at com.sun.org.apache.xerces.internal.impl.XMLNSDocumentScannerImpl.next(XMLNSDocumentScannerImpl.java:118)
	at com.sun.org.apache.xerces.internal.impl.XMLDocumentFragmentScannerImpl.scanDocument(XMLDocumentFragmentScannerImpl.java:510)
	at com.sun.org.apache.xerces.internal.parsers.XML11Configuration.parse(XML11Configuration.java:848)
	at com.sun.org.apache.xerces.internal.parsers.XML11Configuration.parse(XML11Configuration.java:777)
	at com.sun.org.apache.xerces.internal.parsers.XMLParser.parse(XMLParser.java:141)
	at com.sun.org.apache.xerces.internal.parsers.AbstractSAXParser.parse(AbstractSAXParser.java:1213)
	at com.sun.org.apache.xerces.internal.jaxp.SAXParserImpl$JAXPSAXParser.parse(SAXParserImpl.java:643)
	at org.dom4j.io.SAXReader.read(SAXReader.java:465)
	at org.dom4j.io.SAXReader.read(SAXReader.java:264)
	at hudson.tasks.junit.SuiteResult.parse(SuiteResult.java:123)
	at hudson.tasks.junit.TestResult.parse(TestResult.java:282)
	at hudson.tasks.junit.TestResult.parsePossiblyEmpty(TestResult.java:228)
	at hudson.tasks.junit.TestResult.parse(TestResult.java:163)
	at hudson.tasks.junit.TestResult.parse(TestResult.java:146)
	at hudson.tasks.junit.TestResult.&lt;init&gt;(TestResult.java:122)
	at hudson.tasks.junit.JUnitParser$ParseResultCallable.invoke(JUnitParser.java:119)
	at hudson.tasks.junit.JUnitParser$ParseResultCallable.invoke(JUnitParser.java:92)
	at hudson.FilePath.act(FilePath.java:990)
	at hudson.FilePath.act(FilePath.java:968)
	at hudson.tasks.junit.JUnitParser.parseResult(JUnitParser.java:89)
	at hudson.tasks.junit.JUnitResultArchiver.parse(JUnitResultArchiver.java:121)
	at hudson.tasks.junit.JUnitResultArchiver.perform(JUnitResultArchiver.java:138)
	at hudson.tasks.BuildStepCompatibilityLayer.perform(BuildStepCompatibilityLayer.java:78)
	at hudson.tasks.BuildStepMonitor$1.perform(BuildStepMonitor.java:20)
	at hudson.model.AbstractBuild$AbstractBuildExecution.perform(AbstractBuild.java:782)
	at hudson.model.AbstractBuild$AbstractBuildExecution.performAllBuildSteps(AbstractBuild.java:723)
	at hudson.model.Build$BuildExecution.post2(Build.java:185)
	at hudson.model.AbstractBuild$AbstractBuildExecution.post(AbstractBuild.java:668)
	at hudson.model.Run.execute(Run.java:1763)
	at hudson.model.FreeStyleBuild.run(FreeStyleBuild.java:43)
	at hudson.model.ResourceController.execute(ResourceController.java:98)
	at hudson.model.Executor.run(Executor.java:410)
</errorStackTrace>
          <errorDetails></errorDetails>
          <failedSince>0</failedSince>
        </case>
      </cases>
    </suite>
  </suites>
  <duration>0.0</duration>
  <keepLongStdio>false</keepLongStdio>
</result>